<?xml version="1.0" encoding="UTF-8"?>
<!-- Generated by org.testng.reporters.JUnitXMLReporter -->
<testsuite ignored="3" hostname="Ram" failures="0" tests="1" name="Default test" time="12.53" errors="0" timestamp="2025-07-13T14:44:23 IST">
  <testcase classname="com.swagLabs.Qa.TestCases.TC_001" name="login_Into_Application_With_Valid_Creds" time="7.578"/>
  <testcase classname="com.swagLabs.Qa.TestCases.TC_001" name="login_Into_Application_With_Only_Password" time="0.0">
    <ignored/>
  </testcase> <!-- login_Into_Application_With_Only_Password -->
  <testcase classname="com.swagLabs.Qa.TestCases.TC_001" name="login_Into_Application_With_InValid_Creds" time="0.0">
    <ignored/>
  </testcase> <!-- login_Into_Application_With_InValid_Creds -->
  <testcase classname="com.swagLabs.Qa.TestCases.TC_001" name="login_Into_Application_With_Only_UserName" time="0.0">
    <ignored/>
  </testcase> <!-- login_Into_Application_With_Only_UserName -->
</testsuite> <!-- Default test -->
