<?xml version="1.0" encoding="UTF-8"?>
<!-- Generated by org.testng.reporters.JUnitXMLReporter -->
<testsuite ignored="0" hostname="Ram" failures="0" tests="4" name="Default test" time="58.211" errors="0" timestamp="2025-07-17T19:46:00 IST">
  <testcase classname="com.swagLabs.Qa.TestCases.LoginClass" name="login_Into_Application_With_Valid_Creds" time="7.771"/>
  <testcase classname="com.swagLabs.Qa.TestCases.LoginClass" name="login_Into_Application_With_InValid_Creds" time="6.775"/>
  <testcase classname="com.swagLabs.Qa.TestCases.LoginClass" name="login_Into_Application_With_Only_UserName" time="5.375"/>
  <testcase classname="com.swagLabs.Qa.TestCases.LoginClass" name="login_Into_Application_With_Only_Password" time="5.425"/>
</testsuite> <!-- Default test -->
