<?xml version="1.0" encoding="UTF-8"?>
<!-- Generated by org.testng.reporters.JUnitXMLReporter -->
<testsuite ignored="4" hostname="Ram" failures="0" tests="2" name="Test(failed)" time="34.84" errors="0" timestamp="2025-09-05T22:15:29 IST">
  <testcase classname="com.swagLabs.Qa.TestCases.LoginClass" name="login_Into_Application_With_Valid_Creds" time="7.921"/>
  <testcase classname="com.swagLabs.Qa.TestCases.CartClass" name="adding_Items_To_cart" time="9.569"/>
  <testcase classname="com.swagLabs.Qa.TestCases.LoginClass" name="login_Into_Application_With_Only_UserName" time="0.0">
    <ignored/>
  </testcase> <!-- login_Into_Application_With_Only_UserName -->
  <testcase classname="com.swagLabs.Qa.TestCases.CartClass" name="perfrom_Checkout_For_Added_Items" time="0.0">
    <ignored/>
  </testcase> <!-- perfrom_Checkout_For_Added_Items -->
  <testcase classname="com.swagLabs.Qa.TestCases.LoginClass" name="login_Into_Application_With_InValid_Creds" time="0.0">
    <ignored/>
  </testcase> <!-- login_Into_Application_With_InValid_Creds -->
  <testcase classname="com.swagLabs.Qa.TestCases.LoginClass" name="login_Into_Application_With_Only_Password" time="0.0">
    <ignored/>
  </testcase> <!-- login_Into_Application_With_Only_Password -->
</testsuite> <!-- Test(failed) -->
