<?xml version="1.0" encoding="UTF-8"?>
<testng-results ignored="4" total="6" passed="2" failed="0" skipped="0">
  <reporter-output>
  </reporter-output>
  <suite started-at="2025-09-05T22:14:54 IST" name="Failed suite [Suite]" finished-at="2025-09-05T22:15:29 IST" duration-ms="34840">
    <groups>
    </groups>
    <test started-at="2025-09-05T22:14:54 IST" name="Test(failed)" finished-at="2025-09-05T22:15:29 IST" duration-ms="34840">
      <class name="com.swagLabs.Qa.TestCases.CartClass">
        <test-method is-config="true" signature="initialzation()[pri:0, instance:com.swagLabs.Qa.TestCases.CartClass@470a9030]" started-at="2025-09-05T22:15:11 IST" name="initialzation" finished-at="2025-09-05T22:15:19 IST" duration-ms="8731" status="PASS">
          <reporter-output>
          </reporter-output>
        </test-method> <!-- initialzation -->
        <test-method signature="adding_Items_To_cart()[pri:0, instance:com.swagLabs.Qa.TestCases.CartClass@470a9030]" started-at="2025-09-05T22:15:19 IST" name="adding_Items_To_cart" finished-at="2025-09-05T22:15:29 IST" duration-ms="9569" status="PASS">
          <reporter-output>
          </reporter-output>
        </test-method> <!-- adding_Items_To_cart -->
        <test-method is-config="true" signature="tearDown()[pri:0, instance:com.swagLabs.Qa.TestCases.CartClass@470a9030]" started-at="2025-09-05T22:15:29 IST" name="tearDown" finished-at="2025-09-05T22:15:29 IST" duration-ms="219" status="PASS">
          <reporter-output>
          </reporter-output>
        </test-method> <!-- tearDown -->
      </class> <!-- com.swagLabs.Qa.TestCases.CartClass -->
      <class name="com.swagLabs.Qa.TestCases.LoginClass">
        <test-method is-config="true" signature="initialzation()[pri:0, instance:com.swagLabs.Qa.TestCases.LoginClass@c827db]" started-at="2025-09-05T22:14:54 IST" name="initialzation" finished-at="2025-09-05T22:15:02 IST" duration-ms="7827" status="PASS">
          <reporter-output>
          </reporter-output>
        </test-method> <!-- initialzation -->
        <test-method signature="login_Into_Application_With_Valid_Creds()[pri:0, instance:com.swagLabs.Qa.TestCases.LoginClass@c827db]" started-at="2025-09-05T22:15:02 IST" name="login_Into_Application_With_Valid_Creds" finished-at="2025-09-05T22:15:10 IST" duration-ms="7921" status="PASS">
          <reporter-output>
          </reporter-output>
        </test-method> <!-- login_Into_Application_With_Valid_Creds -->
        <test-method is-config="true" signature="tearDown()[pri:0, instance:com.swagLabs.Qa.TestCases.LoginClass@c827db]" started-at="2025-09-05T22:15:10 IST" name="tearDown" finished-at="2025-09-05T22:15:11 IST" duration-ms="449" status="PASS">
          <reporter-output>
          </reporter-output>
        </test-method> <!-- tearDown -->
      </class> <!-- com.swagLabs.Qa.TestCases.LoginClass -->
    </test> <!-- Test(failed) -->
  </suite> <!-- Failed suite [Suite] -->
</testng-results>
