<?xml version="1.0" encoding="UTF-8"?>
<testng-results ignored="0" total="6" passed="4" failed="2" skipped="0">
  <reporter-output>
  </reporter-output>
  <suite started-at="2025-07-13T16:32:20 IST" name="Suite" finished-at="2025-07-13T16:33:20 IST" duration-ms="60290">
    <groups>
    </groups>
    <test started-at="2025-07-13T16:32:20 IST" name="Test" finished-at="2025-07-13T16:33:20 IST" duration-ms="60290">
      <class name="com.swagLabs.Qa.TestCases.CartClass">
        <test-method is-config="true" signature="initialzation()[pri:0, instance:com.swagLabs.Qa.TestCases.CartClass@3935e9a8]" started-at="2025-07-13T16:33:04 IST" name="initialzation" finished-at="2025-07-13T16:33:10 IST" duration-ms="5514" status="PASS">
          <reporter-output>
          </reporter-output>
        </test-method> <!-- initialzation -->
        <test-method signature="adding_Items_To_cart()[pri:0, instance:com.swagLabs.Qa.TestCases.CartClass@3935e9a8]" started-at="2025-07-13T16:33:10 IST" name="adding_Items_To_cart" finished-at="2025-07-13T16:33:10 IST" duration-ms="25" status="FAIL">
          <exception class="java.lang.AssertionError">
            <message>
              <![CDATA[expected [true] but found [false]]]>
            </message>
            <full-stacktrace>
              <![CDATA[java.lang.AssertionError: expected [true] but found [false]
at org.testng.Assert.fail(Assert.java:111)
at org.testng.Assert.failNotEquals(Assert.java:1590)
at org.testng.Assert.assertTrue(Assert.java:57)
at org.testng.Assert.assertTrue(Assert.java:67)
at com.swagLabs.Qa.TestCases.CartClass.adding_Items_To_cart(CartClass.java:40)
at java.base/jdk.internal.reflect.DirectMethodHandleAccessor.invoke(DirectMethodHandleAccessor.java:103)
at java.base/java.lang.reflect.Method.invoke(Method.java:580)
at org.testng.internal.invokers.MethodInvocationHelper.invokeMethod(MethodInvocationHelper.java:141)
at org.testng.internal.invokers.TestInvoker.invokeMethod(TestInvoker.java:687)
at org.testng.internal.invokers.TestInvoker.invokeTestMethod(TestInvoker.java:230)
at org.testng.internal.invokers.MethodRunner.runInSequence(MethodRunner.java:63)
at org.testng.internal.invokers.TestInvoker$MethodInvocationAgent.invoke(TestInvoker.java:995)
at org.testng.internal.invokers.TestInvoker.invokeTestMethods(TestInvoker.java:203)
at org.testng.internal.invokers.TestMethodWorker.invokeTestMethods(TestMethodWorker.java:154)
at org.testng.internal.invokers.TestMethodWorker.run(TestMethodWorker.java:134)
at java.base/java.util.ArrayList.forEach(ArrayList.java:1596)
at org.testng.TestRunner.privateRun(TestRunner.java:741)
at org.testng.TestRunner.run(TestRunner.java:616)
at org.testng.SuiteRunner.runTest(SuiteRunner.java:421)
at org.testng.SuiteRunner.runSequentially(SuiteRunner.java:413)
at org.testng.SuiteRunner.privateRun(SuiteRunner.java:373)
at org.testng.SuiteRunner.run(SuiteRunner.java:312)
at org.testng.SuiteRunnerWorker.runSuite(SuiteRunnerWorker.java:52)
at org.testng.SuiteRunnerWorker.run(SuiteRunnerWorker.java:95)
at org.testng.TestNG.runSuitesSequentially(TestNG.java:1274)
at org.testng.TestNG.runSuitesLocally(TestNG.java:1208)
at org.testng.TestNG.runSuites(TestNG.java:1112)
at org.testng.TestNG.run(TestNG.java:1079)
at org.testng.remote.AbstractRemoteTestNG.run(AbstractRemoteTestNG.java:115)
at org.testng.remote.RemoteTestNG.initAndRun(RemoteTestNG.java:293)
at org.testng.remote.RemoteTestNG.main(RemoteTestNG.java:91)
]]>
            </full-stacktrace>
          </exception> <!-- java.lang.AssertionError -->
          <reporter-output>
          </reporter-output>
        </test-method> <!-- adding_Items_To_cart -->
        <test-method is-config="true" signature="tearDown()[pri:0, instance:com.swagLabs.Qa.TestCases.CartClass@3935e9a8]" started-at="2025-07-13T16:33:10 IST" name="tearDown" finished-at="2025-07-13T16:33:10 IST" duration-ms="219" status="PASS">
          <reporter-output>
          </reporter-output>
        </test-method> <!-- tearDown -->
        <test-method is-config="true" signature="initialzation()[pri:0, instance:com.swagLabs.Qa.TestCases.CartClass@3935e9a8]" started-at="2025-07-13T16:33:10 IST" name="initialzation" finished-at="2025-07-13T16:33:16 IST" duration-ms="5806" status="PASS">
          <reporter-output>
          </reporter-output>
        </test-method> <!-- initialzation -->
        <test-method signature="perfrom_Checkout_For_Added_Items()[pri:1, instance:com.swagLabs.Qa.TestCases.CartClass@3935e9a8]" started-at="2025-07-13T16:33:16 IST" name="perfrom_Checkout_For_Added_Items" finished-at="2025-07-13T16:33:20 IST" duration-ms="3758" status="PASS">
          <reporter-output>
          </reporter-output>
        </test-method> <!-- perfrom_Checkout_For_Added_Items -->
        <test-method is-config="true" signature="tearDown()[pri:0, instance:com.swagLabs.Qa.TestCases.CartClass@3935e9a8]" started-at="2025-07-13T16:33:20 IST" name="tearDown" finished-at="2025-07-13T16:33:20 IST" duration-ms="169" status="PASS">
          <reporter-output>
          </reporter-output>
        </test-method> <!-- tearDown -->
      </class> <!-- com.swagLabs.Qa.TestCases.CartClass -->
      <class name="com.swagLabs.Qa.TestCases.LoginClass">
        <test-method is-config="true" signature="initialzation()[pri:0, instance:com.swagLabs.Qa.TestCases.LoginClass@3c4bc9fc]" started-at="2025-07-13T16:32:20 IST" name="initialzation" finished-at="2025-07-13T16:32:25 IST" duration-ms="4983" status="PASS">
          <reporter-output>
          </reporter-output>
        </test-method> <!-- initialzation -->
        <test-method signature="login_Into_Application_With_Valid_Creds()[pri:0, instance:com.swagLabs.Qa.TestCases.LoginClass@3c4bc9fc]" started-at="2025-07-13T16:32:25 IST" name="login_Into_Application_With_Valid_Creds" finished-at="2025-07-13T16:32:30 IST" duration-ms="5224" status="FAIL">
          <exception class="java.lang.AssertionError">
            <message>
              <![CDATA[expected [true] but found [false]]]>
            </message>
            <full-stacktrace>
              <![CDATA[java.lang.AssertionError: expected [true] but found [false]
at org.testng.Assert.fail(Assert.java:111)
at org.testng.Assert.failNotEquals(Assert.java:1590)
at org.testng.Assert.assertTrue(Assert.java:57)
at org.testng.Assert.assertTrue(Assert.java:67)
at com.swagLabs.Qa.TestCases.LoginClass.login_Into_Application_With_Valid_Creds(LoginClass.java:44)
at java.base/jdk.internal.reflect.DirectMethodHandleAccessor.invoke(DirectMethodHandleAccessor.java:103)
at java.base/java.lang.reflect.Method.invoke(Method.java:580)
at org.testng.internal.invokers.MethodInvocationHelper.invokeMethod(MethodInvocationHelper.java:141)
at org.testng.internal.invokers.TestInvoker.invokeMethod(TestInvoker.java:687)
at org.testng.internal.invokers.TestInvoker.invokeTestMethod(TestInvoker.java:230)
at org.testng.internal.invokers.MethodRunner.runInSequence(MethodRunner.java:63)
at org.testng.internal.invokers.TestInvoker$MethodInvocationAgent.invoke(TestInvoker.java:995)
at org.testng.internal.invokers.TestInvoker.invokeTestMethods(TestInvoker.java:203)
at org.testng.internal.invokers.TestMethodWorker.invokeTestMethods(TestMethodWorker.java:154)
at org.testng.internal.invokers.TestMethodWorker.run(TestMethodWorker.java:134)
at java.base/java.util.ArrayList.forEach(ArrayList.java:1596)
at org.testng.TestRunner.privateRun(TestRunner.java:741)
at org.testng.TestRunner.run(TestRunner.java:616)
at org.testng.SuiteRunner.runTest(SuiteRunner.java:421)
at org.testng.SuiteRunner.runSequentially(SuiteRunner.java:413)
at org.testng.SuiteRunner.privateRun(SuiteRunner.java:373)
at org.testng.SuiteRunner.run(SuiteRunner.java:312)
at org.testng.SuiteRunnerWorker.runSuite(SuiteRunnerWorker.java:52)
at org.testng.SuiteRunnerWorker.run(SuiteRunnerWorker.java:95)
at org.testng.TestNG.runSuitesSequentially(TestNG.java:1274)
at org.testng.TestNG.runSuitesLocally(TestNG.java:1208)
at org.testng.TestNG.runSuites(TestNG.java:1112)
at org.testng.TestNG.run(TestNG.java:1079)
at org.testng.remote.AbstractRemoteTestNG.run(AbstractRemoteTestNG.java:115)
at org.testng.remote.RemoteTestNG.initAndRun(RemoteTestNG.java:293)
at org.testng.remote.RemoteTestNG.main(RemoteTestNG.java:91)
]]>
            </full-stacktrace>
          </exception> <!-- java.lang.AssertionError -->
          <reporter-output>
          </reporter-output>
        </test-method> <!-- login_Into_Application_With_Valid_Creds -->
        <test-method is-config="true" signature="tearDown()[pri:0, instance:com.swagLabs.Qa.TestCases.LoginClass@3c4bc9fc]" started-at="2025-07-13T16:32:30 IST" name="tearDown" finished-at="2025-07-13T16:32:31 IST" duration-ms="433" status="PASS">
          <reporter-output>
          </reporter-output>
        </test-method> <!-- tearDown -->
        <test-method is-config="true" signature="initialzation()[pri:0, instance:com.swagLabs.Qa.TestCases.LoginClass@3c4bc9fc]" started-at="2025-07-13T16:32:31 IST" name="initialzation" finished-at="2025-07-13T16:32:36 IST" duration-ms="5281" status="PASS">
          <reporter-output>
          </reporter-output>
        </test-method> <!-- initialzation -->
        <test-method signature="login_Into_Application_With_InValid_Creds()[pri:1, instance:com.swagLabs.Qa.TestCases.LoginClass@3c4bc9fc]" started-at="2025-07-13T16:32:36 IST" name="login_Into_Application_With_InValid_Creds" finished-at="2025-07-13T16:32:43 IST" duration-ms="6659" status="PASS">
          <reporter-output>
          </reporter-output>
        </test-method> <!-- login_Into_Application_With_InValid_Creds -->
        <test-method is-config="true" signature="tearDown()[pri:0, instance:com.swagLabs.Qa.TestCases.LoginClass@3c4bc9fc]" started-at="2025-07-13T16:32:43 IST" name="tearDown" finished-at="2025-07-13T16:32:43 IST" duration-ms="327" status="PASS">
          <reporter-output>
          </reporter-output>
        </test-method> <!-- tearDown -->
        <test-method is-config="true" signature="initialzation()[pri:0, instance:com.swagLabs.Qa.TestCases.LoginClass@3c4bc9fc]" started-at="2025-07-13T16:32:43 IST" name="initialzation" finished-at="2025-07-13T16:32:48 IST" duration-ms="4318" status="PASS">
          <reporter-output>
          </reporter-output>
        </test-method> <!-- initialzation -->
        <test-method signature="login_Into_Application_With_Only_UserName()[pri:2, instance:com.swagLabs.Qa.TestCases.LoginClass@3c4bc9fc]" started-at="2025-07-13T16:32:48 IST" name="login_Into_Application_With_Only_UserName" finished-at="2025-07-13T16:32:53 IST" duration-ms="5361" status="PASS">
          <reporter-output>
          </reporter-output>
        </test-method> <!-- login_Into_Application_With_Only_UserName -->
        <test-method is-config="true" signature="tearDown()[pri:0, instance:com.swagLabs.Qa.TestCases.LoginClass@3c4bc9fc]" started-at="2025-07-13T16:32:53 IST" name="tearDown" finished-at="2025-07-13T16:32:53 IST" duration-ms="340" status="PASS">
          <reporter-output>
          </reporter-output>
        </test-method> <!-- tearDown -->
        <test-method is-config="true" signature="initialzation()[pri:0, instance:com.swagLabs.Qa.TestCases.LoginClass@3c4bc9fc]" started-at="2025-07-13T16:32:53 IST" name="initialzation" finished-at="2025-07-13T16:32:58 IST" duration-ms="5207" status="PASS">
          <reporter-output>
          </reporter-output>
        </test-method> <!-- initialzation -->
        <test-method signature="login_Into_Application_With_Only_Password()[pri:3, instance:com.swagLabs.Qa.TestCases.LoginClass@3c4bc9fc]" started-at="2025-07-13T16:32:58 IST" name="login_Into_Application_With_Only_Password" finished-at="2025-07-13T16:33:04 IST" duration-ms="5332" status="PASS">
          <reporter-output>
          </reporter-output>
        </test-method> <!-- login_Into_Application_With_Only_Password -->
        <test-method is-config="true" signature="tearDown()[pri:0, instance:com.swagLabs.Qa.TestCases.LoginClass@3c4bc9fc]" started-at="2025-07-13T16:33:04 IST" name="tearDown" finished-at="2025-07-13T16:33:04 IST" duration-ms="376" status="PASS">
          <reporter-output>
          </reporter-output>
        </test-method> <!-- tearDown -->
      </class> <!-- com.swagLabs.Qa.TestCases.LoginClass -->
    </test> <!-- Test -->
  </suite> <!-- Suite -->
</testng-results>
